<?xml version="1.0" encoding="UTF-8"?>
<robot generator="Robot 5.0.1 (Python 3.10.4 on win32)" generated="20220915 12:08:07.160" rpa="false" schemaversion="3">
<suite id="s1" name="Test" source="D:\robot_jenkins_test\test.robot">
<test id="s1-t1" name="Test open sunnyfounder web" line="9">
<kw name="Open Browser" library="SeleniumLibrary">
<arg>${URL}</arg>
<arg>${BROWSER}</arg>
<doc>Opens a new browser instance to the optional ``url``.</doc>
<msg timestamp="20220915 12:08:07.254" level="INFO">Opening browser 'Chrome' to base url 'https://www.sunnyfounder.com/individual'.</msg>
<status status="PASS" starttime="20220915 12:08:07.254" endtime="20220915 12:08:13.022"/>
</kw>
<status status="PASS" starttime="20220915 12:08:07.254" endtime="20220915 12:08:13.022"/>
</test>
<status status="PASS" starttime="20220915 12:08:07.160" endtime="20220915 12:08:13.022"/>
</suite>
<statistics>
<total>
<stat pass="1" fail="0" skip="0">All Tests</stat>
</total>
<tag>
</tag>
<suite>
<stat pass="1" fail="0" skip="0" id="s1" name="Test">Test</stat>
</suite>
</statistics>
<errors>
</errors>
</robot>
